<?xml version="1.0" encoding="UTF-8"?>
<testng-results total="1" passed="1" failed="0" skipped="0">
  <reporter-output>
  </reporter-output>
  <suite started-at="2024-06-13T03:33:12Z" name="Default suite" finished-at="2024-06-13T03:33:19Z" duration-ms="7162">
    <groups>
    </groups>
    <test started-at="2024-06-13T03:33:12Z" name="Default test" finished-at="2024-06-13T03:33:19Z" duration-ms="7162">
      <class name="package1.authApi">
        <test-method signature="getjavaObject()[pri:0, instance:package1.authApi@662706a7]" started-at="2024-06-13T09:03:12Z" name="getjavaObject" finished-at="2024-06-13T09:03:19Z" duration-ms="7126" status="PASS">
          <reporter-output>
          </reporter-output>
        </test-method> <!-- getjavaObject -->
      </class> <!-- package1.authApi -->
    </test> <!-- Default test -->
  </suite> <!-- Default suite -->
</testng-results>
